<?xml version="1.0" encoding="UTF-8"?>
<testsuite xmlns:xsi="http://www.w3.org/2001/XMLSchema-instance" xsi:noNamespaceSchemaLocation="https://maven.apache.org/surefire/maven-surefire-plugin/xsd/surefire-test-report-3.0.xsd" version="3.0" name="com.uaf.neo4j.plugin.neo4j.Neo4jCypherBuilderTest" time="0.013" tests="17" errors="0" skipped="0" failures="0">
  <properties>
[...]
</properties>
  <testcase name="relationshipMergeCypher_sanitisesRelTypeSpecialChars" classname="com.uaf.neo4j.plugin.neo4j.Neo4jCypherBuilderTest" time="0.001"/>
  <testcase name="instanceOfParams_containsElementIdAndStereotypeName" classname="com.uaf.neo4j.plugin.neo4j.Neo4jCypherBuilderTest" time="0.0"/>
  <testcase name="instanceOfCypher_constant_isWellFormed" classname="com.uaf.neo4j.plugin.neo4j.Neo4jCypherBuilderTest" time="0.0"/>
  <testcase name="nodeParams_propsMapContainsCoreProperties" classname="com.uaf.neo4j.plugin.neo4j.Neo4jCypherBuilderTest" time="0.001"/>
  <testcase name="relationshipMergeCypher_setsMetadataParams" classname="com.uaf.neo4j.plugin.neo4j.Neo4jCypherBuilderTest" time="0.001"/>
  <testcase name="nodeParams_taggedValueSpecialChars_replacedWithUnderscore" classname="com.uaf.neo4j.plugin.neo4j.Neo4jCypherBuilderTest" time="0.003"/>
  <testcase name="nodeMergeCypher_sanitisesLabelSpecialChars" classname="com.uaf.neo4j.plugin.neo4j.Neo4jCypherBuilderTest" time="0.0"/>
  <testcase name="relationshipParams_containsAllRequiredKeys" classname="com.uaf.neo4j.plugin.neo4j.Neo4jCypherBuilderTest" time="0.0"/>
  <testcase name="relationshipMergeCypher_lowercaseType_isUppercased" classname="com.uaf.neo4j.plugin.neo4j.Neo4jCypherBuilderTest" time="0.0"/>
  <testcase name="nodeMergeCypher_sanitisesLabelWithDashes" classname="com.uaf.neo4j.plugin.neo4j.Neo4jCypherBuilderTest" time="0.001"/>
  <testcase name="nodeMergeCypher_containsDualLabels" classname="com.uaf.neo4j.plugin.neo4j.Neo4jCypherBuilderTest" time="0.0"/>
  <testcase name="nodeMergeCypher_setsStereotypeDomainLayer" classname="com.uaf.neo4j.plugin.neo4j.Neo4jCypherBuilderTest" time="0.001"/>
  <testcase name="relationshipMergeCypher_mergesRelationshipType" classname="com.uaf.neo4j.plugin.neo4j.Neo4jCypherBuilderTest" time="0.0"/>
  <testcase name="relationshipMergeCypher_matchesBothEndpoints" classname="com.uaf.neo4j.plugin.neo4j.Neo4jCypherBuilderTest" time="0.0"/>
  <testcase name="nodeParams_taggedValues_prefixedWithTv" classname="com.uaf.neo4j.plugin.neo4j.Neo4jCypherBuilderTest" time="0.001"/>
  <testcase name="nodeMergeCypher_usesMergeOnIdParam" classname="com.uaf.neo4j.plugin.neo4j.Neo4jCypherBuilderTest" time="0.0"/>
  <testcase name="nodeParams_containsAllTopLevelKeys" classname="com.uaf.neo4j.plugin.neo4j.Neo4jCypherBuilderTest" time="0.0"/>
</testsuite>